<?xml version="1.0" encoding="UTF-8"?>
<!-- Generated by org.testng.reporters.JUnitXMLReporter -->
<testsuite ignored="0" hostname="Gustavo-PC" failures="0" tests="8" name="Test" time="216.888" errors="0" timestamp="2022-05-24T15:14:00 ART">
  <testcase classname="Desafios_practicas.Laboratorio_2" name="buscarEnChrome" time="28.806"/>
  <testcase classname="Desafios_practicas.Laboratorio_2" name="buscarEnFirefox" time="112.143"/>
  <testcase classname="Desafios_practicas.Laboratorio_3" name="createAccount" time="27.251"/>
  <testcase classname="Desafios_practicas.Laboratorio_4" name="irContactanos" time="10.759"/>
  <testcase classname="Desafios_practicas.Laboratorio_4" name="buscarPalabra" time="3.847"/>
  <testcase classname="Desafios_practicas.Desafio_1" name="desafioChromeSauce" time="15.16"/>
  <testcase classname="Desafios_practicas.Laboratorio_clase5" name="buscarPalabra" time="6.712"/>
  <testcase classname="Desafios_practicas.Laboratorio_clase5" name="irAContactanos" time="12.102"/>
</testsuite> <!-- Test -->
