<?xml version="1.0" encoding="UTF-8"?>
<testng-results ignored="0" total="1" passed="1" failed="0" skipped="0">
  <reporter-output>
  </reporter-output>
  <suite started-at="2022-06-20T23:01:29 ART" name="Default suite" finished-at="2022-06-20T23:01:49 ART" duration-ms="20372">
    <groups>
    </groups>
    <test started-at="2022-06-20T23:01:29 ART" name="Default test" finished-at="2022-06-20T23:01:49 ART" duration-ms="20372">
      <class name="Desafios_practicas.Tooltips">
        <test-method signature="toolTips()[pri:0, instance:Desafios_practicas.Tooltips@f736069]" started-at="2022-06-20T23:01:29 ART" name="toolTips" finished-at="2022-06-20T23:01:49 ART" duration-ms="20255" status="PASS">
          <reporter-output>
          </reporter-output>
        </test-method> <!-- toolTips -->
      </class> <!-- Desafios_practicas.Tooltips -->
    </test> <!-- Default test -->
  </suite> <!-- Default suite -->
</testng-results>
